# JRE version: Java(TM) SE Runtime Environment (8.0_51-b16) (build 1.8.0_51-b16)
# Java VM: Java HotSpot(TM) 64-Bit Server VM (25.51-b03 mixed mode windows-amd64 compressed oops)
Heap:
 PSYoungGen      total 2919936K, used 2919429K [0x00000006eab00000, 0x00000007c0000000, 0x00000007c0000000)
  eden space 2439168K, 100% used [0x00000006eab00000,0x000000077f900000,0x000000077f900000)
  from space 480768K, 99% used [0x000000077f900000,0x000000079ce01480,0x000000079ce80000)
  to   space 574976K, 80% used [0x000000079ce80000,0x00000007b93e6188,0x00000007c0000000)
 ParOldGen       total 864256K, used 783308K [0x0000000540000000, 0x0000000574c00000, 0x00000006eab00000)
  object space 864256K, 90% used [0x0000000540000000,0x000000056fcf33e0,0x0000000574c00000)
 Metaspace       used 138171K, capacity 141585K, committed 141696K, reserved 1169408K
  class space    used 21011K, capacity 22129K, committed 22144K, reserved 1048576K
GC Heap History (10 events):
Event: 48.790 GC heap after
Heap after GC invocations=32 (full 5):
 PSYoungGen      total 2739200K, used 287228K [0x00000006eab00000, 0x00000007c0000000, 0x00000007c0000000)
  eden space 2451968K, 0% used [0x00000006eab00000,0x00000006eab00000,0x0000000780580000)
  from space 287232K, 99% used [0x0000000780580000,0x0000000791dff0c0,0x0000000791e00000)
  to   space 376832K, 0% used [0x00000007a9000000,0x00000007a9000000,0x00000007c0000000)
 ParOldGen       total 864256K, used 647265K [0x0000000540000000, 0x0000000574c00000, 0x00000006eab00000)
  object space 864256K, 74% used [0x0000000540000000,0x00000005678186e8,0x0000000574c00000)
 Metaspace       used 124692K, capacity 127321K, committed 127616K, reserved 1157120K
  class space    used 19306K, capacity 20304K, committed 20352K, reserved 1048576K
}
Event: 51.250 GC heap before
{Heap before GC invocations=33 (full 5):
 PSYoungGen      total 2739200K, used 2739196K [0x00000006eab00000, 0x00000007c0000000, 0x00000007c0000000)
  eden space 2451968K, 100% used [0x00000006eab00000,0x0000000780580000,0x0000000780580000)
  from space 287232K, 99% used [0x0000000780580000,0x0000000791dff0c0,0x0000000791e00000)
  to   space 376832K, 0% used [0x00000007a9000000,0x00000007a9000000,0x00000007c0000000)
 ParOldGen       total 864256K, used 647265K [0x0000000540000000, 0x0000000574c00000, 0x00000006eab00000)
  object space 864256K, 74% used [0x0000000540000000,0x00000005678186e8,0x0000000574c00000)
 Metaspace       used 124732K, capacity 127333K, committed 127616K, reserved 1157120K
  class space    used 19311K, capacity 20306K, committed 20352K, reserved 1048576K
Event: 51.338 GC heap after
Heap after GC invocations=33 (full 5):
 PSYoungGen      total 3111936K, used 217536K [0x00000006eab00000, 0x00000007c0000000, 0x00000007c0000000)
  eden space 2735104K, 0% used [0x00000006eab00000,0x00000006eab00000,0x0000000791a00000)
  from space 376832K, 57% used [0x00000007a9000000,0x00000007b6470128,0x00000007c0000000)
  to   space 379904K, 0% used [0x0000000791a00000,0x0000000791a00000,0x00000007a8d00000)
 ParOldGen       total 864256K, used 647273K [0x0000000540000000, 0x0000000574c00000, 0x00000006eab00000)
  object space 864256K, 74% used [0x0000000540000000,0x000000056781a6e8,0x0000000574c00000)
 Metaspace       used 124732K, capacity 127333K, committed 127616K, reserved 1157120K
  class space    used 19311K, capacity 20306K, committed 20352K, reserved 1048576K
}
Event: 55.898 GC heap before
{Heap before GC invocations=34 (full 5):
 PSYoungGen      total 3111936K, used 2952640K [0x00000006eab00000, 0x00000007c0000000, 0x00000007c0000000)
  eden space 2735104K, 100% used [0x00000006eab00000,0x0000000791a00000,0x0000000791a00000)
  from space 376832K, 57% used [0x00000007a9000000,0x00000007b6470128,0x00000007c0000000)
  to   space 379904K, 0% used [0x0000000791a00000,0x0000000791a00000,0x00000007a8d00000)
 ParOldGen       total 864256K, used 647273K [0x0000000540000000, 0x0000000574c00000, 0x00000006eab00000)
  object space 864256K, 74% used [0x0000000540000000,0x000000056781a6e8,0x0000000574c00000)
 Metaspace       used 126594K, capacity 129265K, committed 129664K, reserved 1159168K
  class space    used 19518K, capacity 20516K, committed 20608K, reserved 1048576K
Event: 56.037 GC heap after
Heap after GC invocations=34 (full 5):
 PSYoungGen      total 3080192K, used 345087K [0x00000006eab00000, 0x00000007c0000000, 0x00000007c0000000)
  eden space 2735104K, 0% used [0x00000006eab00000,0x00000006eab00000,0x0000000791a00000)
  from space 345088K, 99% used [0x0000000791a00000,0x00000007a6affc80,0x00000007a6b00000)
  to   space 414720K, 0% used [0x00000007a6b00000,0x00000007a6b00000,0x00000007c0000000)
 ParOldGen       total 864256K, used 647281K [0x0000000540000000, 0x0000000574c00000, 0x00000006eab00000)
  object space 864256K, 74% used [0x0000000540000000,0x000000056781c6e8,0x0000000574c00000)
 Metaspace       used 126594K, capacity 129265K, committed 129664K, reserved 1159168K
  class space    used 19518K, capacity 20516K, committed 20608K, reserved 1048576K
}
Event: 60.144 GC heap before
{Heap before GC invocations=35 (full 5):
 PSYoungGen      total 3080192K, used 3080191K [0x00000006eab00000, 0x00000007c0000000, 0x00000007c0000000)
  eden space 2735104K, 100% used [0x00000006eab00000,0x0000000791a00000,0x0000000791a00000)
  from space 345088K, 99% used [0x0000000791a00000,0x00000007a6affc80,0x00000007a6b00000)
  to   space 414720K, 0% used [0x00000007a6b00000,0x00000007a6b00000,0x00000007c0000000)
 ParOldGen       total 864256K, used 647281K [0x0000000540000000, 0x0000000574c00000, 0x00000006eab00000)
  object space 864256K, 74% used [0x0000000540000000,0x000000056781c6e8,0x0000000574c00000)
 Metaspace       used 127633K, capacity 130343K, committed 130560K, reserved 1159168K
  class space    used 19634K, capacity 20619K, committed 20736K, reserved 1048576K
Event: 60.317 GC heap after
Heap after GC invocations=35 (full 5):
 PSYoungGen      total 2853888K, used 414692K [0x00000006eab00000, 0x00000007c0000000, 0x00000007c0000000)
  eden space 2439168K, 0% used [0x00000006eab00000,0x00000006eab00000,0x000000077f900000)
  from space 414720K, 99% used [0x00000007a6b00000,0x00000007bfff90c8,0x00000007c0000000)
  to   space 527872K, 0% used [0x000000077f900000,0x000000077f900000,0x000000079fc80000)
 ParOldGen       total 864256K, used 745672K [0x0000000540000000, 0x0000000574c00000, 0x00000006eab00000)
  object space 864256K, 86% used [0x0000000540000000,0x000000056d832010,0x0000000574c00000)
 Metaspace       used 127633K, capacity 130343K, committed 130560K, reserved 1159168K
  class space    used 19634K, capacity 20619K, committed 20736K, reserved 1048576K
}
Event: 65.641 GC heap before
{Heap before GC invocations=36 (full 5):
 PSYoungGen      total 2853888K, used 2853860K [0x00000006eab00000, 0x00000007c0000000, 0x00000007c0000000)
  eden space 2439168K, 100% used [0x00000006eab00000,0x000000077f900000,0x000000077f900000)
  from space 414720K, 99% used [0x00000007a6b00000,0x00000007bfff90c8,0x00000007c0000000)
  to   space 527872K, 0% used [0x000000077f900000,0x000000077f900000,0x000000079fc80000)
 ParOldGen       total 864256K, used 745672K [0x0000000540000000, 0x0000000574c00000, 0x00000006eab00000)
  object space 864256K, 86% used [0x0000000540000000,0x000000056d832010,0x0000000574c00000)
 Metaspace       used 128440K, capacity 131329K, committed 131456K, reserved 1159168K
  class space    used 19737K, capacity 20772K, committed 20864K, reserved 1048576K
Event: 65.818 GC heap after
Heap after GC invocations=36 (full 5):
 PSYoungGen      total 2919936K, used 480261K [0x00000006eab00000, 0x00000007c0000000, 0x00000007c0000000)
  eden space 2439168K, 0% used [0x00000006eab00000,0x00000006eab00000,0x000000077f900000)
  from space 480768K, 99% used [0x000000077f900000,0x000000079ce01480,0x000000079ce80000)
  to   space 574976K, 0% used [0x000000079ce80000,0x000000079ce80000,0x00000007c0000000)
 ParOldGen       total 864256K, used 745680K [0x0000000540000000, 0x0000000574c00000, 0x00000006eab00000)
  object space 864256K, 86% used [0x0000000540000000,0x000000056d834010,0x0000000574c00000)
 Metaspace       used 128440K, capacity 131329K, committed 131456K, reserved 1159168K
  class space    used 19737K, capacity 20772K, committed 20864K, reserved 1048576K
}
Event: 71.089 GC heap before
{Heap before GC invocations=37 (full 5):
 PSYoungGen      total 2919936K, used 2919429K [0x00000006eab00000, 0x00000007c0000000, 0x00000007c0000000)
  eden space 2439168K, 100% used [0x00000006eab00000,0x000000077f900000,0x000000077f900000)
  from space 480768K, 99% used [0x000000077f900000,0x000000079ce01480,0x000000079ce80000)
  to   space 574976K, 0% used [0x000000079ce80000,0x000000079ce80000,0x00000007c0000000)
 ParOldGen       total 864256K, used 745680K [0x0000000540000000, 0x0000000574c00000, 0x00000006eab00000)
  object space 864256K, 86% used [0x0000000540000000,0x000000056d834010,0x0000000574c00000)
 Metaspace       used 138171K, capacity 141585K, committed 141696K, reserved 1169408K
  class space    used 21011K, capacity 22129K, committed 22144K, reserved 1048576K

